<?xml version="1.0" encoding="UTF-8"?>
<!-- Generated by org.testng.reporters.JUnitReportReporter -->
<testsuite hostname="APSPNQ01LTP178" name="testCases.Sina" tests="1" failures="0" timestamp="1 Feb 2017 10:01:15 GMT" time="159.427" errors="0">
  <testcase name="executeScript" time="159.427" classname="testCases.Sina"/>
</testsuite> <!-- testCases.Sina -->
