<?xml version="1.0" encoding="UTF-8"?>
<!-- Generated by org.testng.reporters.JUnitReportReporter -->
<testsuite hostname="APSPNQ01LTP178" name="testCases.Bbc" tests="1" failures="0" timestamp="9 Jan 2017 14:34:19 GMT" time="148.944" errors="0">
  <testcase name="executeScript" time="148.944" classname="testCases.Bbc"/>
</testsuite> <!-- testCases.Bbc -->
