<?xml version="1.0" encoding="UTF-8"?>
<!-- Generated by org.testng.reporters.JUnitReportReporter -->
<testsuite hostname="APSPNQ01LTP178" name="testCases.Live" tests="1" failures="0" timestamp="15 Dec 2016 09:48:49 GMT" time="48.224" errors="0">
  <testcase name="executeScript" time="48.224" classname="testCases.Live"/>
</testsuite> <!-- testCases.Live -->
