<?xml version="1.0" encoding="UTF-8"?>
<!-- Generated by org.testng.reporters.JUnitReportReporter -->
<testsuite hostname="APSPNQ01LTP178" name="testCases.Taobao" tests="1" failures="0" timestamp="4 Jan 2017 06:21:59 GMT" time="61.919" errors="0">
  <testcase name="executeScript" time="61.919" classname="testCases.Taobao"/>
</testsuite> <!-- testCases.Taobao -->
