<?xml version="1.0" encoding="UTF-8"?>
<!-- Generated by org.testng.reporters.JUnitReportReporter -->
<testsuite hostname="APSPNQ01LTP178" name="testCases.Linkedin" tests="1" failures="0" timestamp="2 Dec 2016 16:50:59 GMT" time="176.811" errors="0">
  <testcase name="executeScript" time="176.811" classname="testCases.Linkedin"/>
</testsuite> <!-- testCases.Linkedin -->
