<?xml version="1.0" encoding="UTF-8"?>
<!-- Generated by org.testng.reporters.JUnitReportReporter -->
<testsuite hostname="APSPNQ01LTP178" name="testCases.GitHub" tests="1" failures="0" timestamp="9 Jan 2017 13:22:25 GMT" time="177.303" errors="0">
  <testcase name="executeScript" time="177.303" classname="testCases.GitHub"/>
</testsuite> <!-- testCases.GitHub -->
