<?xml version="1.0" encoding="UTF-8"?>
<!-- Generated by org.testng.reporters.JUnitReportReporter -->
<testsuite hostname="APSPNQ01LTP178" name="testCases.Sohu" tests="1" failures="0" timestamp="5 Jan 2017 10:19:15 GMT" time="110.108" errors="0">
  <testcase name="executeScript" time="110.108" classname="testCases.Sohu"/>
</testsuite> <!-- testCases.Sohu -->
