<?xml version="1.0" encoding="UTF-8"?>
<!-- Generated by org.testng.reporters.JUnitReportReporter -->
<testsuite hostname="APSPNQ01LTP178" name="testCases.Instagram" tests="1" failures="0" timestamp="22 Dec 2016 07:08:56 GMT" time="118.690" errors="0">
  <testcase name="executeScript" time="118.690" classname="testCases.Instagram"/>
</testsuite> <!-- testCases.Instagram -->
