<?xml version="1.0" encoding="UTF-8"?>
<!-- Generated by org.testng.reporters.JUnitReportReporter -->
<testsuite hostname="APSPNQ01LTP178" name="testCases.AmazonJP" tests="1" failures="0" timestamp="16 Jan 2017 07:12:19 GMT" time="105.765" errors="0">
  <testcase name="executeScript" time="105.765" classname="testCases.AmazonJP"/>
</testsuite> <!-- testCases.AmazonJP -->
