<?xml version="1.0" encoding="UTF-8"?>
<!-- Generated by org.testng.reporters.JUnitReportReporter -->
<testsuite hostname="APSPNQ01LTP178" name="testCases.Soso" tests="1" failures="0" timestamp="1 Feb 2017 09:18:25 GMT" time="123.617" errors="0">
  <testcase name="executeScript" time="123.617" classname="testCases.Soso"/>
</testsuite> <!-- testCases.Soso -->
