<?xml version="1.0" encoding="UTF-8"?>
<!-- Generated by org.testng.reporters.JUnitReportReporter -->
<testsuite hostname="APSPNQ01LTP178" name="testCases.Dropbox" tests="1" failures="0" timestamp="29 Dec 2016 13:01:05 GMT" time="231.095" errors="0">
  <testcase name="executeScript" time="231.095" classname="testCases.Dropbox"/>
</testsuite> <!-- testCases.Dropbox -->
