<?xml version="1.0" encoding="UTF-8"?>
<!-- Generated by org.testng.reporters.JUnitReportReporter -->
<testsuite hostname="APSPNQ01LTP178" name="testCases.PayPal" tests="1" failures="0" timestamp="27 Dec 2016 10:29:11 GMT" time="260.140" errors="0">
  <testcase name="executeScript" time="260.140" classname="testCases.PayPal"/>
</testsuite> <!-- testCases.PayPal -->
