<?xml version="1.0" encoding="UTF-8"?>
<!-- Generated by org.testng.reporters.JUnitReportReporter -->
<testsuite hostname="APSPNQ01LTP178" name="testCases.Indeed" tests="1" failures="0" timestamp="2 Feb 2017 07:55:09 GMT" time="176.854" errors="0">
  <testcase name="executeScript" time="176.854" classname="testCases.Indeed"/>
</testsuite> <!-- testCases.Indeed -->
