<?xml version="1.0" encoding="UTF-8"?>
<!-- Generated by org.testng.reporters.JUnitReportReporter -->
<testsuite hostname="APSPNQ01LTP178" name="testCases.YouTube" tests="1" failures="0" timestamp="26 Dec 2016 10:25:15 GMT" time="38.755" errors="0">
  <testcase name="executeScript" time="38.755" classname="testCases.YouTube"/>
</testsuite> <!-- testCases.YouTube -->
