<?xml version="1.0" encoding="UTF-8"?>
<!-- Generated by org.testng.reporters.JUnitReportReporter -->
<testsuite hostname="APSPNQ01LTP178" name="testCases.Wikipedia" tests="1" failures="0" timestamp="10 Jan 2017 13:47:31 GMT" time="146.792" errors="0">
  <testcase name="executeScript" time="146.792" classname="testCases.Wikipedia"/>
</testsuite> <!-- testCases.Wikipedia -->
