<?xml version="1.0" encoding="UTF-8"?>
<!-- Generated by org.testng.reporters.JUnitReportReporter -->
<testsuite hostname="APSPNQ01LTP178" name="testCases_CopyPaste.Clipboard" tests="1" failures="0" timestamp="16 Jan 2017 07:54:46 GMT" time="55.780" errors="0">
  <testcase name="executeScript" time="55.780" classname="testCases_CopyPaste.Clipboard"/>
</testsuite> <!-- testCases_CopyPaste.Clipboard -->
