<?xml version="1.0" encoding="UTF-8"?>
<!-- Generated by org.testng.reporters.JUnitReportReporter -->
<testsuite hostname="APSPNQ01LTP178" name="testCases.Yandex" tests="1" failures="0" timestamp="9 Jan 2017 14:34:19 GMT" time="46.346" errors="0">
  <testcase name="executeScript" time="46.346" classname="testCases.Yandex"/>
</testsuite> <!-- testCases.Yandex -->
