<?xml version="1.0" encoding="UTF-8"?>
<!-- Generated by org.testng.reporters.JUnitReportReporter -->
<testsuite hostname="APSPNQ01LTP178" name="testCases_CopyPaste.RACtoLocalCopyKeyBoardShortCutPaste_Google" tests="1" failures="0" timestamp="17 Jan 2017 11:57:25 GMT" time="72.409" errors="0">
  <testcase name="executeScript" time="72.409" classname="testCases_CopyPaste.RACtoLocalCopyKeyBoardShortCutPaste_Google"/>
</testsuite> <!-- testCases_CopyPaste.RACtoLocalCopyKeyBoardShortCutPaste_Google -->
