<?xml version="1.0" encoding="UTF-8"?>
<!-- Generated by org.testng.reporters.JUnitReportReporter -->
<testsuite hostname="APSPNQ01LTP178" name="testCases.Quora" tests="1" failures="0" timestamp="9 Jan 2017 14:34:19 GMT" time="130.235" errors="0">
  <testcase name="executeScript" time="130.235" classname="testCases.Quora"/>
</testsuite> <!-- testCases.Quora -->
