<?xml version="1.0" encoding="UTF-8"?>
<!-- Generated by org.testng.reporters.JUnitReportReporter -->
<testsuite hostname="APSPNQ01LTP178" name="testCases.Google" tests="1" failures="0" timestamp="31 Jan 2017 10:41:56 GMT" time="202.560" errors="0">
  <testcase name="executeScript" time="202.560" classname="testCases.Google"/>
</testsuite> <!-- testCases.Google -->
