<?xml version="1.0" encoding="UTF-8"?>
<!-- Generated by org.testng.reporters.JUnitReportReporter -->
<testsuite hostname="APSPNQ01LTP178" name="testCases.Wordpress" tests="1" failures="0" timestamp="9 Jan 2017 16:56:51 GMT" time="100.412" errors="0">
  <testcase name="executeScript" time="100.412" classname="testCases.Wordpress"/>
</testsuite> <!-- testCases.Wordpress -->
