<?xml version="1.0" encoding="UTF-8"?>
<!-- Generated by org.testng.reporters.JUnitReportReporter -->
<testsuite hostname="APSPNQ01LTP178" name="testCases.Pinterest" tests="1" failures="0" timestamp="9 Jan 2017 12:51:35 GMT" time="45.800" errors="0">
  <testcase name="executeScript" time="45.800" classname="testCases.Pinterest"/>
</testsuite> <!-- testCases.Pinterest -->
