<?xml version="1.0" encoding="UTF-8"?>
<!-- Generated by org.testng.reporters.JUnitReportReporter -->
<testsuite hostname="APSPNQ01LTP178" name="testCases.Yahoo" tests="1" failures="0" timestamp="5 Dec 2016 14:57:44 GMT" time="97.260" errors="0">
  <testcase name="executeScript" time="97.260" classname="testCases.Yahoo"/>
</testsuite> <!-- testCases.Yahoo -->
