<?xml version="1.0" encoding="UTF-8"?>
<!-- Generated by org.testng.reporters.JUnitReportReporter -->
<testsuite hostname="APSPNQ01LTP178" name="testCases.Three60" tests="1" failures="0" timestamp="1 Feb 2017 10:44:52 GMT" time="86.503" errors="0">
  <testcase name="executeScript" time="86.503" classname="testCases.Three60"/>
</testsuite> <!-- testCases.Three60 -->
