<?xml version="1.0" encoding="UTF-8"?>
<!-- Generated by org.testng.reporters.JUnitReportReporter -->
<testsuite hostname="APSPNQ01LTP178" name="testCases.So" tests="1" failures="0" timestamp="1 Feb 2017 10:32:23 GMT" time="92.007" errors="0">
  <testcase name="executeScript" time="92.007" classname="testCases.So"/>
</testsuite> <!-- testCases.So -->
