<?xml version="1.0" encoding="UTF-8"?>
<!-- Generated by org.testng.reporters.JUnitReportReporter -->
<testsuite hostname="APSPNQ01LTP178" name="testCases.CopyPasteGoogle" tests="1" failures="0" timestamp="11 Jan 2017 10:51:06 GMT" time="42.834" errors="0">
  <testcase name="executeScript" time="42.834" classname="testCases.CopyPasteGoogle"/>
</testsuite> <!-- testCases.CopyPasteGoogle -->
