<?xml version="1.0" encoding="UTF-8"?>
<!-- Generated by org.testng.reporters.JUnitReportReporter -->
<testsuite hostname="APSPNQ01LTP178" name="testCases.Coccoc" tests="1" failures="0" timestamp="13 Jan 2017 10:50:09 GMT" time="146.967" errors="0">
  <testcase name="executeScript" time="146.967" classname="testCases.Coccoc"/>
</testsuite> <!-- testCases.Coccoc -->
