<?xml version="1.0" encoding="UTF-8"?>
<!-- Generated by org.testng.reporters.JUnitReportReporter -->
<testsuite hostname="APSPNQ01LTP178" name="testCases.Slack" tests="1" failures="0" timestamp="31 Jan 2017 12:01:38 GMT" time="214.885" errors="0">
  <testcase name="executeScript" time="214.885" classname="testCases.Slack"/>
</testsuite> <!-- testCases.Slack -->
