<?xml version="1.0" encoding="UTF-8"?>
<!-- Generated by org.testng.reporters.JUnitReportReporter -->
<testsuite hostname="APSPNQ01LTP178" name="testCases.RakutenJP" tests="1" failures="0" timestamp="9 Jan 2017 14:34:19 GMT" time="44.783" errors="0">
  <testcase name="executeScript" time="44.783" classname="testCases.RakutenJP"/>
</testsuite> <!-- testCases.RakutenJP -->
