<?xml version="1.0" encoding="UTF-8"?>
<!-- Generated by org.testng.reporters.JUnitReportReporter -->
<testsuite hostname="APSPNQ01LTP178" name="testCases.Savefrom" tests="1" failures="0" timestamp="31 Jan 2017 11:49:28 GMT" time="203.700" errors="0">
  <testcase name="executeScript" time="203.700" classname="testCases.Savefrom"/>
</testsuite> <!-- testCases.Savefrom -->
